         1    0.000000
         2    1.355081
         3    1.370296
         4    1.376179
         5    1.378625
         6    1.379813
         7    1.381248
         8    1.382002
         9    1.383516
        10    1.385116
        11    1.389209
        12    1.395341
        13    1.402056
        14    1.409875
        15    1.420831
        16    1.436270
        17    1.447423
        18    1.461946
        19    1.478612
        20    1.496816
        21    1.515717
        22    1.534179
        23    1.555825
        24    1.577396
        25    1.599772
        26    1.624843
        27    1.643082
        28    1.665472
        29    1.687151
        30    1.704866
        31    1.726540
        32    1.748385
        33    1.768718
        34    1.788389
        35    1.810212
        36    1.830961
        37    1.853231
        38    1.869868
        39    1.892788
        40    1.910651
        41    1.931101
        42    1.948473
        43    1.969353
        44    1.987371
        45    2.006490
        46    2.023852
        47    2.041339
        48    2.062644
        49    2.077629
        50    2.094358
        51    2.111110
        52    2.126583
        53    2.142473
        54    2.159635
        55    2.175221
        56    2.191256
        57    2.206647
        58    2.218158
        59    2.233119
        60    2.247439
        61    2.263604
        62    2.277211
        63    2.293073
        64    2.304727
        65    2.319029
        66    2.331650
        67    2.343714
        68    2.358113
        69    2.370310
        70    2.385416
        71    2.398573
        72    2.410749
        73    2.422895
        74    2.433293
        75    2.446484
        76    2.457817
        77    2.469912
        78    2.478991
        79    2.492025
        80    2.502703
        81    2.513460
        82    2.523771
        83    2.535264
        84    2.545917
        85    2.558684
        86    2.568496
        87    2.579387
        88    2.588572
        89    2.598673
        90    2.609796
        91    2.618111
        92    2.627919
        93    2.640430
        94    2.648123
        95    2.655383
        96    2.666882
        97    2.677176
        98    2.686768
        99    2.696304
       100    2.706982
       101    2.718037
       102    2.727607
       103    2.737222
       104    2.744128
       105    2.753573
       106    2.763000
       107    2.772442
       108    2.780461
       109    2.788436
       110    2.796730
       111    2.804011
       112    2.812006
       113    2.820703
       114    2.828009
       115    2.834166
       116    2.842584
       117    2.850729
       118    2.858525
       119    2.866942
       120    2.875436
       121    2.883159
       122    2.891043
       123    2.898178
       124    2.905018
       125    2.912311
       126    2.919196
       127    2.927059
       128    2.932046
       129    2.940072
       130    2.946814
       131    2.953513
       132    2.960983
       133    2.967881
       134    2.974550
       135    2.980948
       136    2.986905
       137    2.994672
       138    3.002408
       139    3.008334
       140    3.014551
       141    3.021881
       142    3.028187
       143    3.034455
       144    3.041619
       145    3.047453
       146    3.054241
       147    3.060458
       148    3.067443
       149    3.072877
       150    3.079237
       151    3.084787
       152    3.090226
       153    3.096851
       154    3.100927
       155    3.107902
       156    3.113494
       157    3.119967
       158    3.125116
       159    3.131406
       160    3.136900
       161    3.142754
       162    3.149116
       163    3.155751
       164    3.160675
       165    3.166545
       166    3.170754
       167    3.176218
       168    3.184534
       169    3.190564
       170    3.196233
       171    3.201453
       172    3.206526
       173    3.211974
       174    3.217716
       175    3.222875
       176    3.227170
       177    3.233608
       178    3.236883
       179    3.242079
       180    3.247324
       181    3.252237
       182    3.258394
       183    3.261010
       184    3.266460
       185    3.271181
       186    3.275991
       187    3.281718
       188    3.286259
       189    3.291405
       190    3.295208
       191    3.300307
       192    3.305438
       193    3.310696
       194    3.314445
       195    3.319203
       196    3.324990
       197    3.329598
       198    3.333958
       199    3.338960
       200    3.344389
       201    3.348060
       202    3.354001
       203    3.357417
       204    3.362607
       205    3.365945
       206    3.370306
       207    3.375494
       208    3.377963
       209    3.384023
       210    3.387379
       211    3.392015
       212    3.396206
       213    3.399436
       214    3.405297
       215    3.409154
       216    3.412560
       217    3.417868
       218    3.422217
       219    3.425684
       220    3.429140
       221    3.433182
       222    3.437358
       223    3.440901
       224    3.445177
       225    3.448839
       226    3.451085
       227    3.456458
       228    3.460259
       229    3.463070
       230    3.466695
       231    3.469908
       232    3.474576
       233    3.477421
       234    3.482499
       235    3.485655
       236    3.489408
       237    3.492776
       238    3.496106
       239    3.500321
       240    3.504749
       241    3.508711
       242    3.511104
       243    3.514137
       244    3.517304
       245    3.520670
       246    3.525287
       247    3.529129
       248    3.532714
       249    3.535618
       250    3.538945
       251    3.542650
       252    3.546246
       253    3.548334
       254    3.552142
       255    3.554775
       256    3.559318
       257    3.562777
       258    3.566445
       259    3.567622
       260    3.571317
       261    3.573442
       262    3.576987
       263    3.579590
       264    3.582445
       265    3.585620
       266    3.589057
       267    3.591642
       268    3.594947
       269    3.598547
       270    3.601030
       271    3.604494
       272    3.608570
       273    3.610637
       274    3.612805
       275    3.616205
       276    3.618464
       277    3.621737
       278    3.624273
       279    3.627046
       280    3.630741
       281    3.632965
       282    3.636470
       283    3.638418
       284    3.641264
       285    3.642809
       286    3.646695
       287    3.649637
       288    3.651809
       289    3.654628
       290    3.658026
       291    3.659784
       292    3.662999
       293    3.666042
       294    3.669208
       295    3.672332
       296    3.673466
       297    3.677125
       298    3.678532
       299    3.681652
       300    3.683208
       301    3.685857
       302    3.688691
       303    3.690659
       304    3.693836
       305    3.696178
       306    3.697682
       307    3.699241
       308    3.701768
       309    3.705263
       310    3.707242
       311    3.709880
       312    3.712946
       313    3.715507
       314    3.716956
       315    3.718756
       316    3.720533
       317    3.722331
       318    3.725419
       319    3.728615
       320    3.730556
       321    3.733363
       322    3.735865
       323    3.737721
       324    3.739278
       325    3.741390
       326    3.744237
       327    3.745953
       328    3.748852
       329    3.751018
       330    3.753572
       331    3.755126
       332    3.758401
       333    3.760353
       334    3.762251
       335    3.764105
       336    3.765939
       337    3.766688
       338    3.768899
       339    3.770872
       340    3.773205
       341    3.775320
       342    3.777238
       343    3.779679
       344    3.782280
       345    3.783775
       346    3.785524
       347    3.787662
       348    3.789237
       349    3.791740
       350    3.793401
       351    3.794533
       352    3.797763
       353    3.799461
       354    3.800569
       355    3.802476
       356    3.803387
       357    3.806336
       358    3.807563
       359    3.808689
       360    3.810249
       361    3.812155
       362    3.815226
       363    3.817313
       364    3.818894
       365    3.820871
       366    3.822620
       367    3.823840
       368    3.825930
       369    3.827693
       370    3.829500
       371    3.830926
       372    3.831981
       373    3.833664
       374    3.836304
       375    3.837863
       376    3.839092
       377    3.841440
       378    3.842977
       379    3.844721
       380    3.846228
       381    3.847901
       382    3.849573
       383    3.850666
       384    3.852387
       385    3.853934
       386    3.855474
       387    3.857549
       388    3.858906
       389    3.860800
       390    3.861973
       391    3.863044
       392    3.864598
       393    3.867125
       394    3.867906
       395    3.870277
       396    3.871445
       397    3.873044
       398    3.874564
       399    3.875789
       400    3.877409
       401    3.879248
       402    3.880677
       403    3.881932
       404    3.882676
       405    3.884498
       406    3.885255
       407    3.886240
       408    3.888308
       409    3.888819
       410    3.890619
       411    3.892273
       412    3.893330
       413    3.894604
       414    3.896430
       415    3.898307
       416    3.899427
       417    3.901370
       418    3.902148
       419    3.903709
       420    3.903874
       421    3.904893
       422    3.906414
       423    3.907753
       424    3.909976
       425    3.910952
       426    3.912396
       427    3.913540
       428    3.915378
       429    3.916350
       430    3.917743
       431    3.919372
       432    3.920298
       433    3.921612
       434    3.922861
       435    3.923831
       436    3.925045
       437    3.926884
       438    3.928204
       439    3.929606
       440    3.930462
       441    3.930973
       442    3.931899
       443    3.932749
       444    3.934363
       445    3.935537
       446    3.936406
       447    3.937843
       448    3.938167
       449    3.939574
       450    3.939537
       451    3.940828
       452    3.942672
       453    3.943962
       454    3.944858
       455    3.945832
       456    3.946862
       457    3.948423
       458    3.949428
       459    3.950665
       460    3.951849
       461    3.952687
       462    3.953659
       463    3.954852
       464    3.955638
       465    3.957136
       466    3.957823
       467    3.958914
       468    3.959724
       469    3.960975
       470    3.962164
       471    3.963406
       472    3.964544
       473    3.965923
       474    3.966945
       475    3.968112
       476    3.968121
       477    3.968843
       478    3.970155
       479    3.970881
       480    3.972156
       481    3.973643
       482    3.973926
       483    3.975163
       484    3.976139
       485    3.977388
       486    3.978142
       487    3.979230
       488    3.979836
       489    3.980969
       490    3.981614
       491    3.981923
       492    3.983269
       493    3.984224
       494    3.985181
       495    3.984728
       496    3.986317
       497    3.987686
       498    3.988506
       499    3.989525
       500    3.990432
       501    3.991232
       502    3.991742
       503    3.992700
       504    3.994223
       505    3.994408
       506    3.994721
       507    3.995903
       508    3.996690
       509    3.997454
       510    3.998875
       511    3.999353
       512    3.999769
       513    4.000412
       514    4.001513
       515    4.002159
       516    4.003346
       517    4.004205
       518    4.004292
       519    4.004824
       520    4.005536
       521    4.006059
       522    4.006977
       523    4.007336
       524    4.008736
       525    4.009392
       526    4.010385
       527    4.011193
       528    4.012181
       529    4.013231
       530    4.013807
       531    4.014662
       532    4.014576
       533    4.015498
       534    4.016207
       535    4.016720
       536    4.018249
       537    4.019273
       538    4.020104
       539    4.020925
       540    4.021421
       541    4.021471
       542    4.022143
       543    4.023204
       544    4.023108
       545    4.024362
       546    4.025509
       547    4.025834
       548    4.026403
       549    4.026474
       550    4.027071
       551    4.028592
       552    4.028962
       553    4.029257
       554    4.029753
       555    4.030417
       556    4.031365
       557    4.032629
       558    4.033464
       559    4.033923
       560    4.034519
       561    4.034636
       562    4.035580
       563    4.035681
       564    4.036387
       565    4.037328
       566    4.037626
       567    4.038285
       568    4.038894
       569    4.039297
       570    4.039437
       571    4.040788
       572    4.041522
       573    4.042002
       574    4.042530
       575    4.042982
       576    4.044059
       577    4.044543
       578    4.045280
       579    4.045900
       580    4.045838
       581    4.046732
       582    4.047099
       583    4.047669
       584    4.047889
       585    4.048481
       586    4.048939
       587    4.050105
       588    4.050725
       589    4.051355
       590    4.051557
       591    4.052375
       592    4.052597
       593    4.053282
       594    4.054004
       595    4.054982
       596    4.055085
       597    4.055409
       598    4.055974
       599    4.056739
       600    4.056797
       601    4.057471
       602    4.058169
       603    4.059048
       604    4.059249
       605    4.059878
       606    4.059876
       607    4.060570
       608    4.061081
       609    4.061652
       610    4.061904
       611    4.062253
       612    4.062405
       613    4.063072
       614    4.063480
       615    4.063787
       616    4.064990
       617    4.065219
       618    4.065570
       619    4.065904
       620    4.066513
       621    4.066741
       622    4.067125
       623    4.067820
       624    4.068317
       625    4.069402
       626    4.069566
       627    4.070256
       628    4.070376
       629    4.071126
       630    4.071160
       631    4.071880
       632    4.072252
       633    4.072796
       634    4.073470
       635    4.074363
       636    4.074176
       637    4.074925
       638    4.075337
       639    4.075560
       640    4.075931
       641    4.076590
       642    4.076805
       643    4.077515
       644    4.077717
       645    4.078301
       646    4.078103
       647    4.078793
       648    4.079370
       649    4.079309
       650    4.079654
       651    4.080365
       652    4.080947
       653    4.081288
       654    4.081561
       655    4.081840
       656    4.082490
       657    4.082667
       658    4.082766
       659    4.083048
       660    4.083337
       661    4.083845
       662    4.083869
       663    4.084019
       664    4.084376
       665    4.084443
       666    4.085630
       667    4.085706
       668    4.086016
       669    4.086358
       670    4.086469
       671    4.087189
       672    4.087138
       673    4.087629
       674    4.087661
       675    4.088107
       676    4.088758
       677    4.089032
       678    4.089785
       679    4.090189
       680    4.090538
       681    4.090911
       682    4.091426
       683    4.091480
       684    4.091585
       685    4.092226
       686    4.092273
       687    4.093032
       688    4.093425
       689    4.093830
       690    4.094056
       691    4.094101
       692    4.095030
       693    4.094928
       694    4.095354
       695    4.095445
       696    4.095992
       697    4.096133
       698    4.096676
       699    4.096796
       700    4.097297
       701    4.097267
       702    4.097778
       703    4.098024
       704    4.098045
       705    4.098211
       706    4.098751
       707    4.099144
       708    4.099275
       709    4.099529
       710    4.100050
       711    4.100322
       712    4.100792
       713    4.100945
       714    4.101217
       715    4.101491
       716    4.102077
       717    4.101983
       718    4.102584
       719    4.103046
       720    4.103234
       721    4.103231
       722    4.103580
       723    4.103977
       724    4.104284
       725    4.104851
       726    4.105123
       727    4.105547
       728    4.105555
       729    4.106086
       730    4.106101
       731    4.106707
       732    4.106741
       733    4.107080
       734    4.107351
       735    4.107334
       736    4.107439
       737    4.107891
       738    4.108164
       739    4.108462
       740    4.108741
       741    4.109023
       742    4.109802
       743    4.109348
       744    4.109532
       745    4.109871
       746    4.109837
       747    4.110053
       748    4.110364
       749    4.110783
       750    4.111036
       751    4.111181
       752    4.112030
       753    4.112058
       754    4.112527
       755    4.112714
       756    4.112698
       757    4.112762
       758    4.112970
       759    4.113251
       760    4.113601
       761    4.113787
       762    4.114195
       763    4.113936
       764    4.114272
       765    4.114381
       766    4.114619
       767    4.115259
       768    4.115429
       769    4.115507
       770    4.115823
       771    4.116011
       772    4.116205
       773    4.116118
       774    4.116524
       775    4.116706
       776    4.117252
       777    4.117597
       778    4.117864
       779    4.118127
       780    4.118229
       781    4.118323
       782    4.118375
       783    4.118831
       784    4.118890
       785    4.119064
       786    4.119192
       787    4.119155
       788    4.119337
       789    4.119708
       790    4.119955
       791    4.120101
       792    4.120269
       793    4.120257
       794    4.120748
       795    4.121129
       796    4.121259
       797    4.121459
       798    4.121552
       799    4.121669
       800    4.121744
       801    4.122024
       802    4.122268
       803    4.122526
       804    4.122794
       805    4.122836
       806    4.122848
       807    4.123208
       808    4.123271
       809    4.123601
       810    4.123775
       811    4.124381
       812    4.124536
       813    4.124388
       814    4.124839
       815    4.124811
       816    4.124878
       817    4.125044
       818    4.125116
       819    4.125493
       820    4.125565
       821    4.125725
       822    4.125939
       823    4.126017
       824    4.126261
       825    4.126268
       826    4.126495
       827    4.126651
       828    4.126694
       829    4.126880
       830    4.126808
       831    4.127069
       832    4.127004
       833    4.127273
       834    4.127320
       835    4.127636
       836    4.127478
       837    4.127703
       838    4.127929
       839    4.128049
       840    4.128362
       841    4.128580
       842    4.128919
       843    4.129109
       844    4.129034
       845    4.128977
       846    4.129045
       847    4.129163
       848    4.129420
       849    4.129415
       850    4.129706
       851    4.129848
       852    4.130160
       853    4.130175
       854    4.130161
       855    4.130566
       856    4.130580
       857    4.130851
       858    4.131050
       859    4.131456
       860    4.131485
       861    4.131851
       862    4.132154
       863    4.132120
       864    4.132192
       865    4.132243
       866    4.132401
       867    4.132380
       868    4.132837
       869    4.133041
       870    4.133216
       871    4.133174
       872    4.133330
       873    4.133204
       874    4.133288
       875    4.133291
       876    4.133376
       877    4.133669
       878    4.133797
       879    4.133868
       880    4.133850
       881    4.134156
       882    4.134139
       883    4.134318
       884    4.134337
       885    4.134436
       886    4.134607
       887    4.134975
       888    4.134881
       889    4.134903
       890    4.135209
       891    4.135377
       892    4.135322
       893    4.135499
       894    4.135766
       895    4.135662
       896    4.135839
       897    4.136198
       898    4.136321
       899    4.136362
       900    4.136818
       901    4.136689
       902    4.136519
       903    4.136885
       904    4.136873
       905    4.136984
       906    4.137191
       907    4.137398
       908    4.137451
       909    4.137534
       910    4.137767
       911    4.137664
       912    4.137853
       913    4.137856
       914    4.137866
       915    4.138040
       916    4.138198
       917    4.138363
       918    4.138626
       919    4.138452
       920    4.138620
       921    4.138675
       922    4.138796
       923    4.138682
       924    4.138613
       925    4.138744
       926    4.138991
       927    4.139164
       928    4.139518
       929    4.139552
       930    4.139768
       931    4.139792
       932    4.140057
       933    4.140016
       934    4.140006
       935    4.140272
       936    4.140527
       937    4.140691
       938    4.140473
       939    4.140668
       940    4.140871
       941    4.140938
       942    4.140986
       943    4.140984
       944    4.141268
       945    4.141184
       946    4.141311
       947    4.141270
       948    4.141130
       949    4.141138
       950    4.141329
       951    4.141249
       952    4.141477
       953    4.141596
       954    4.141587
       955    4.141731
       956    4.141936
       957    4.142007
       958    4.141923
       959    4.142051
       960    4.141902
       961    4.142140
       962    4.142251
       963    4.142128
       964    4.142239
       965    4.142295
       966    4.142327
       967    4.142513
       968    4.142586
       969    4.142688
       970    4.142818
       971    4.142800
       972    4.142942
       973    4.143042
       974    4.143001
       975    4.143076
       976    4.143060
       977    4.143257
       978    4.143228
       979    4.143298
       980    4.143352
       981    4.143458
       982    4.143479
       983    4.143488
       984    4.143697
       985    4.143554
       986    4.143752
       987    4.143910
       988    4.144043
       989    4.143891
       990    4.144000
       991    4.143973
       992    4.144027
       993    4.144256
       994    4.144425
       995    4.144197
       996    4.144261
       997    4.144406
       998    4.144438
       999    4.144557
      1000    4.144623
